\BOOKMARK [0][-]{chapter.1}{\376\377\000I\000N\000T\000R\000O\000D\000U\000C\000T\000I\000O\000N}{}% 1
\BOOKMARK [1][-]{section.1.1}{\376\377\000O\000u\000t\000l\000i\000n\000e}{chapter.1}% 2
\BOOKMARK [0][-]{chapter.2}{\376\377\000T\000H\000E\000\040\000S\000T\000A\000N\000D\000A\000R\000D\000\040\000M\000O\000D\000E\000L}{}% 3
\BOOKMARK [1][-]{section.2.1}{\376\377\000A\000\040\000M\000o\000d\000e\000l\000\040\000o\000f\000\040\000L\000e\000p\000t\000o\000n\000s}{chapter.2}% 4
\BOOKMARK [1][-]{section.2.2}{\376\377\000T\000h\000e\000\040\000S\000t\000a\000n\000d\000a\000r\000d\000\040\000M\000o\000d\000e\000l}{chapter.2}% 5
\BOOKMARK [2][-]{subsection.2.2.1}{\376\377\000T\000h\000e\000o\000r\000e\000t\000i\000c\000a\000l\000\040\000F\000o\000u\000n\000d\000a\000t\000i\000o\000n}{section.2.2}% 6
\BOOKMARK [2][-]{subsection.2.2.2}{\376\377\000F\000u\000n\000d\000a\000m\000e\000n\000t\000a\000l\000\040\000I\000n\000t\000e\000r\000a\000c\000t\000i\000o\000n\000s}{section.2.2}% 7
\BOOKMARK [2][-]{subsection.2.2.3}{\376\377\000S\000p\000o\000n\000t\000a\000n\000e\000o\000u\000s\000\040\000S\000y\000m\000m\000e\000t\000r\000y\000\040\000B\000r\000e\000a\000k\000i\000n\000g}{section.2.2}% 8
\BOOKMARK [2][-]{subsection.2.2.4}{\376\377\000T\000h\000e\000\040\000H\000i\000g\000g\000s\000\040\000M\000e\000c\000h\000a\000n\000i\000s\000m}{section.2.2}% 9
\BOOKMARK [1][-]{section.2.3}{\376\377\000B\000e\000y\000o\000n\000d\000\040\000t\000h\000e\000\040\000S\000t\000a\000n\000d\000a\000r\000d\000\040\000M\000o\000d\000e\000l}{chapter.2}% 10
\BOOKMARK [2][-]{subsection.2.3.1}{\376\377\000U\000n\000e\000x\000p\000l\000a\000i\000n\000e\000d\000\040\000P\000h\000e\000n\000o\000m\000e\000n\000a}{section.2.3}% 11
\BOOKMARK [0][-]{chapter.3}{\376\377\000T\000H\000E\000\040\000A\000T\000L\000A\000S\000\040\000D\000E\000T\000E\000C\000T\000O\000R\000\040\000A\000T\000\040\000T\000H\000E\000\040\000L\000H\000C}{}% 12
\BOOKMARK [1][-]{section.3.1}{\376\377\000T\000h\000e\000\040\000L\000a\000r\000g\000e\000\040\000H\000a\000d\000r\000o\000n\000\040\000c\000o\000l\000l\000i\000d\000e\000r}{chapter.3}% 13
\BOOKMARK [2][-]{subsection.3.1.1}{\376\377\000C\000r\000o\000s\000s\000\040\000S\000e\000c\000t\000i\000o\000n\000,\000\040\000L\000u\000m\000i\000n\000o\000s\000i\000t\000y\000\040\000a\000n\000d\000\040\000P\000i\000l\000e\000-\000U\000p}{section.3.1}% 14
\BOOKMARK [1][-]{section.3.2}{\376\377\000T\000h\000e\000\040\000A\000T\000L\000A\000S\000\040\000D\000e\000t\000e\000c\000t\000o\000r}{chapter.3}% 15
\BOOKMARK [2][-]{subsection.3.2.1}{\376\377\000T\000h\000e\000\040\000C\000o\000o\000r\000d\000i\000n\000a\000t\000e\000\040\000S\000y\000s\000t\000e\000m\000\040\000o\000f\000\040\000A\000T\000L\000A\000S}{section.3.2}% 16
\BOOKMARK [2][-]{subsection.3.2.2}{\376\377\000T\000h\000e\000\040\000I\000n\000n\000e\000r\000\040\000D\000e\000t\000e\000c\000t\000o\000r}{section.3.2}% 17
\BOOKMARK [2][-]{subsection.3.2.3}{\376\377\000T\000h\000e\000\040\000C\000a\000l\000o\000r\000i\000m\000e\000t\000e\000r\000\040\000S\000y\000s\000t\000e\000m}{section.3.2}% 18
\BOOKMARK [2][-]{subsection.3.2.4}{\376\377\000T\000h\000e\000\040\000M\000u\000o\000n\000\040\000S\000y\000s\000t\000e\000m}{section.3.2}% 19
\BOOKMARK [2][-]{subsection.3.2.5}{\376\377\000T\000r\000i\000g\000g\000e\000r\000\040\000a\000n\000d\000\040\000D\000a\000t\000a\000\040\000A\000c\000q\000u\000i\000s\000i\000t\000i\000o\000n}{section.3.2}% 20
\BOOKMARK [1][-]{section.3.3}{\376\377\000T\000h\000e\000\040\000H\000i\000g\000h\000-\000L\000u\000m\000i\000n\000o\000s\000i\000t\000y\000\040\000L\000H\000C\000\040\000a\000n\000d\000\040\000t\000h\000e\000\040\000A\000T\000L\000A\000S\000\040\000D\000e\000t\000e\000c\000t\000o\000r\000\040\000U\000p\000g\000r\000a\000d\000e}{chapter.3}% 21
\BOOKMARK [2][-]{subsection.3.3.1}{\376\377\000T\000h\000e\000\040\000I\000n\000n\000e\000r\000\040\000T\000r\000a\000c\000k\000e\000r}{section.3.3}% 22
\BOOKMARK [2][-]{subsection.3.3.2}{\376\377\000B\000-\000T\000a\000g\000g\000i\000n\000g\000\040\000a\000n\000d\000\040\000V\000e\000r\000t\000e\000x\000\040\000R\000e\000c\000o\000n\000s\000t\000r\000u\000c\000t\000i\000o\000n\000\040\000f\000o\000r\000\040\000t\000h\000e\000\040\000I\000T\000k}{section.3.3}% 23
\BOOKMARK [2][-]{subsection.3.3.3}{\376\377\000H\000i\000g\000h\000\040\000G\000r\000a\000n\000u\000l\000a\000r\000i\000t\000y\000\040\000T\000i\000m\000i\000n\000g\000\040\000D\000e\000t\000e\000c\000t\000o\000r}{section.3.3}% 24
\BOOKMARK [0][-]{chapter.4}{\376\377\000O\000B\000J\000E\000C\000T\000\040\000R\000E\000C\000O\000N\000S\000T\000R\000U\000C\000T\000I\000O\000N\000\040\000A\000N\000D\000\040\000E\000V\000E\000N\000T\000\040\000S\000I\000M\000U\000L\000A\000T\000I\000O\000N\000\040\000I\000N\000\040\000A\000T\000L\000A\000S}{}% 25
\BOOKMARK [1][-]{section.4.1}{\376\377\000T\000r\000a\000c\000k\000\040\000a\000n\000d\000\040\000V\000e\000r\000t\000e\000x\000\040\000R\000e\000c\000o\000n\000s\000t\000r\000u\000c\000t\000i\000o\000n}{chapter.4}% 26
\BOOKMARK [1][-]{section.4.2}{\376\377\000E\000l\000e\000c\000t\000r\000o\000n\000s}{chapter.4}% 27
\BOOKMARK [1][-]{section.4.3}{\376\377\000M\000u\000o\000n\000s}{chapter.4}% 28
\BOOKMARK [1][-]{section.4.4}{\376\377\000J\000e\000t\000s}{chapter.4}% 29
\BOOKMARK [2][-]{subsection.4.4.1}{\376\377\000J\000e\000t\000\040\000D\000e\000f\000i\000n\000i\000t\000i\000o\000n}{section.4.4}% 30
\BOOKMARK [2][-]{subsection.4.4.2}{\376\377\000S\000m\000a\000l\000l\000\040\000R\000a\000d\000i\000u\000s\000\040\000J\000e\000t\000s}{section.4.4}% 31
\BOOKMARK [2][-]{subsection.4.4.3}{\376\377\000L\000a\000r\000g\000e\000\040\000R\000a\000d\000i\000u\000s\000\040\000J\000e\000t\000s}{section.4.4}% 32
\BOOKMARK [2][-]{subsection.4.4.4}{\376\377\000P\000F\000l\000o\000w\000\040\000O\000b\000j\000e\000c\000t\000\040\000C\000a\000l\000i\000b\000r\000a\000t\000i\000o\000n}{section.4.4}% 33
\BOOKMARK [2][-]{subsection.4.4.5}{\376\377\000J\000e\000t\000\040\000V\000e\000r\000t\000e\000x\000\040\000T\000a\000g\000g\000e\000r}{section.4.4}% 34
\BOOKMARK [1][-]{section.4.5}{\376\377\000H\000e\000a\000v\000y\000-\000F\000l\000a\000v\000o\000r\000\040\000T\000a\000g\000g\000i\000n\000g}{chapter.4}% 35
\BOOKMARK [2][-]{subsection.4.5.1}{\376\377\000I\000m\000p\000a\000c\000t\000\040\000P\000a\000r\000a\000m\000e\000t\000e\000r\000\040\000A\000l\000g\000o\000r\000i\000t\000h\000m\000s}{section.4.5}% 36
\BOOKMARK [2][-]{subsection.4.5.2}{\376\377\000S\000e\000c\000o\000n\000d\000a\000r\000y\000\040\000V\000e\000r\000t\000e\000x\000\040\000A\000l\000g\000o\000r\000i\000t\000h\000m}{section.4.5}% 37
\BOOKMARK [2][-]{subsection.4.5.3}{\376\377\000J\000e\000t\000F\000i\000t\000t\000e\000r}{section.4.5}% 38
\BOOKMARK [1][-]{section.4.6}{\376\377\000H\000i\000g\000h\000-\000L\000e\000v\000e\000l\000\040\000T\000a\000g\000g\000e\000r\000s}{chapter.4}% 39
\BOOKMARK [2][-]{subsection.4.6.1}{\376\377\000W\000o\000r\000k\000i\000n\000g\000\040\000P\000o\000i\000n\000t\000s}{section.4.6}% 40
\BOOKMARK [2][-]{subsection.4.6.2}{\376\377\000M\000V\0002}{section.4.6}% 41
\BOOKMARK [2][-]{subsection.4.6.3}{\376\377\000D\000L\0001}{section.4.6}% 42
\BOOKMARK [2][-]{subsection.4.6.4}{\376\377\000G\000N\0001}{section.4.6}% 43
\BOOKMARK [1][-]{section.4.7}{\376\377\000E\000v\000e\000n\000t\000\040\000S\000i\000m\000u\000l\000a\000t\000i\000o\000n}{chapter.4}% 44
\BOOKMARK [2][-]{subsection.4.7.1}{\376\377\000M\000o\000n\000t\000e\000\040\000C\000a\000r\000l\000o\000\040\000G\000e\000n\000e\000r\000a\000t\000o\000r\000s}{section.4.7}% 45
\BOOKMARK [2][-]{subsection.4.7.2}{\376\377\000D\000e\000t\000e\000c\000t\000o\000r\000\040\000S\000i\000m\000u\000l\000a\000t\000i\000o\000n}{section.4.7}% 46
\BOOKMARK [0][-]{chapter.5}{\376\377\000D\000E\000E\000P\000\040\000L\000E\000A\000R\000N\000I\000N\000G\000\040\000M\000O\000D\000E\000L\000\040\000T\000R\000A\000I\000N\000I\000N\000G\000\040\000F\000O\000R\000\040\000T\000H\000E\000\040\000H\000L\000-\000L\000H\000C}{}% 47
\BOOKMARK [1][-]{section.5.1}{\376\377\000D\000L\0001\000\040\000D\000e\000s\000i\000g\000n}{chapter.5}% 48
\BOOKMARK [2][-]{subsection.5.1.1}{\376\377\000D\000L\0001\000d\000\040\000d\000e\000s\000i\000g\000n}{section.5.1}% 49
\BOOKMARK [1][-]{section.5.2}{\376\377\000S\000o\000f\000t\000w\000a\000r\000e\000\040\000C\000h\000a\000i\000n}{chapter.5}% 50
\BOOKMARK [1][-]{section.5.3}{\376\377\000P\000r\000e\000p\000r\000o\000c\000e\000s\000s\000i\000n\000g}{chapter.5}% 51
\BOOKMARK [1][-]{section.5.4}{\376\377\000\040\000H\000L\000-\000L\000H\000C\000\040\000S\000a\000m\000p\000l\000e\000s}{chapter.5}% 52
\BOOKMARK [2][-]{subsection.5.4.1}{\376\377\000O\000b\000j\000e\000c\000t\000\040\000S\000e\000l\000e\000c\000t\000i\000o\000n\000s}{section.5.4}% 53
\BOOKMARK [2][-]{subsection.5.4.2}{\376\377\000S\000a\000m\000p\000l\000e\000\040\000P\000r\000e\000p\000r\000o\000c\000e\000s\000s\000i\000n\000g}{section.5.4}% 54
\BOOKMARK [2][-]{subsection.5.4.3}{\376\377\000T\000r\000a\000i\000n\000i\000n\000g\000\040\000D\000L\0001\000d}{section.5.4}% 55
\BOOKMARK [0][-]{chapter.6}{\376\377\000S\000E\000A\000R\000C\000H\000\040\000F\000O\000R\000\040\000N\000E\000W\000\040\000P\000H\000Y\000S\000I\000C\000S\000\040\000U\000S\000I\000N\000G\000\040\000U\000N\000S\000U\000P\000E\000R\000V\000I\000S\000E\000D\000\040\000M\000A\000C\000H\000I\000N\000E\000\040\000L\000E\000A\000R\000N\000I\000N\000G\000\040\000F\000O\000R\000\040\000A\000N\000O\000M\000A\000L\000Y\000\040\000D\000E\000T\000E\000C\000T\000I\000O\000N}{}% 56
\BOOKMARK [1][-]{section.6.1}{\376\377\000S\000t\000r\000a\000t\000e\000g\000y}{chapter.6}% 57
\BOOKMARK [1][-]{section.6.2}{\376\377\000E\000v\000e\000n\000t\000\040\000S\000e\000l\000e\000c\000t\000i\000o\000n\000\040\000a\000n\000d\000\040\000O\000b\000j\000e\000c\000t\000\040\000D\000e\000f\000i\000n\000i\000t\000i\000o\000n\000s}{chapter.6}% 58
\BOOKMARK [2][-]{subsection.6.2.1}{\376\377\000P\000h\000o\000t\000o\000n\000\040\000S\000e\000l\000e\000c\000t\000i\000o\000n\000\040\000a\000n\000d\000\040\000R\000e\000c\000o\000n\000s\000t\000r\000u\000c\000t\000i\000o\000n}{section.6.2}% 59
\BOOKMARK [2][-]{subsection.6.2.2}{\376\377\000J\000e\000t\000\040\000D\000e\000f\000i\000n\000i\000t\000i\000o\000n\000\040\000a\000n\000d\000\040\000S\000e\000l\000e\000c\000t\000i\000o\000n}{section.6.2}% 60
\BOOKMARK [2][-]{subsection.6.2.3}{\376\377\000B\000-\000j\000e\000t\000\040\000S\000e\000l\000e\000c\000t\000i\000o\000n}{section.6.2}% 61
\BOOKMARK [2][-]{subsection.6.2.4}{\376\377\000F\000i\000n\000a\000l\000\040\000S\000e\000l\000e\000c\000t\000i\000o\000n}{section.6.2}% 62
\BOOKMARK [1][-]{section.6.3}{\376\377\000M\000o\000n\000t\000e\000\040\000C\000a\000r\000l\000o\000\040\000S\000i\000m\000u\000l\000a\000t\000i\000o\000n\000s}{chapter.6}% 63
\BOOKMARK [2][-]{subsection.6.3.1}{\376\377\000B\000e\000n\000c\000h\000m\000a\000r\000k\000\040\000B\000S\000M\000\040\000M\000o\000d\000e\000l\000s}{section.6.3}% 64
\BOOKMARK [2][-]{subsection.6.3.2}{\376\377\000S\000e\000q\000u\000e\000n\000t\000i\000a\000l\000\040\000S\000t\000a\000n\000d\000a\000r\000d\000\040\000M\000o\000d\000e\000l}{section.6.3}% 65
\BOOKMARK [2][-]{subsection.6.3.3}{\376\377\000S\000i\000m\000p\000l\000i\000f\000i\000e\000d\000\040\000D\000a\000r\000k\000\040\000M\000a\000t\000t\000e\000r\000\040\000M\000o\000d\000e\000l}{section.6.3}% 66
\BOOKMARK [2][-]{subsection.6.3.4}{\376\377\000K\000a\000l\000u\000z\000a\000-\000K\000l\000e\000i\000n\000\040\000B\000o\000s\000o\000n\000s\000\040\000D\000e\000c\000a\000y\000i\000n\000g\000\040\000t\000o\000\040\000R\000a\000d\000i\000o\000n\000s}{section.6.3}% 67
\BOOKMARK [2][-]{subsection.6.3.5}{\376\377\000C\000o\000m\000p\000o\000s\000i\000t\000e\000-\000L\000e\000p\000t\000o\000n\000\040\000M\000o\000d\000e\000l}{section.6.3}% 68
\BOOKMARK [2][-]{subsection.6.3.6}{\376\377\000C\000h\000a\000r\000g\000e\000d\000\040\000H\000i\000g\000g\000s\000\040\000M\000o\000d\000e\000l}{section.6.3}% 69
\BOOKMARK [1][-]{section.6.4}{\376\377\000E\000v\000e\000n\000t\000\040\000I\000n\000p\000u\000t\000\040\000R\000e\000p\000r\000e\000s\000e\000n\000t\000a\000t\000i\000o\000n}{chapter.6}% 70
\BOOKMARK [1][-]{section.6.5}{\376\377\000A\000u\000t\000o\000e\000n\000c\000o\000d\000e\000r\000\040\000T\000r\000a\000i\000n\000i\000n\000g}{chapter.6}% 71
\BOOKMARK [2][-]{subsection.6.5.1}{\376\377\000D\000e\000t\000e\000r\000m\000i\000n\000a\000t\000i\000o\000n\000\040\000o\000f\000\040\000A\000n\000o\000m\000a\000l\000y\000\040\000R\000e\000g\000i\000o\000n}{section.6.5}% 72
\BOOKMARK [1][-]{section.6.6}{\376\377\000A\000n\000a\000l\000y\000s\000i\000s\000\040\000o\000f\000\040\000A\000n\000o\000m\000a\000l\000y\000\040\000R\000e\000g\000i\000o\000n\000s}{chapter.6}% 73
\BOOKMARK [2][-]{subsection.6.6.1}{\376\377\000B\000a\000c\000k\000g\000r\000o\000u\000n\000d\000\040\000M\000o\000d\000e\000l\000i\000n\000g}{section.6.6}% 74
\BOOKMARK [2][-]{subsection.6.6.2}{\376\377\000S\000t\000a\000t\000i\000s\000t\000i\000c\000a\000l\000\040\000T\000e\000s\000t\000s}{section.6.6}% 75
\BOOKMARK [2][-]{subsection.6.6.3}{\376\377\000B\000a\000c\000k\000g\000r\000o\000u\000n\000d\000\040\000F\000i\000t\000\040\000S\000t\000u\000d\000i\000e\000s}{section.6.6}% 76
\BOOKMARK [1][-]{section.6.7}{\376\377\000R\000e\000s\000u\000l\000t\000s}{chapter.6}% 77
\BOOKMARK [2][-]{subsection.6.7.1}{\376\377\000L\000i\000m\000i\000t\000\040\000S\000e\000t\000t\000i\000n\000g}{section.6.7}% 78
\BOOKMARK [0][-]{chapter.7}{\376\377\000P\000R\000E\000L\000I\000M\000I\000N\000A\000R\000Y\000\040\000N\000O\000N\000-\000A\000G\000N\000O\000S\000T\000I\000C\000\040\000B\000S\000M\000\040\000M\000O\000D\000E\000L\000\040\000A\000N\000O\000M\000A\000L\000Y\000\040\000S\000E\000A\000R\000C\000H}{}% 79
\BOOKMARK [1][-]{section.7.1}{\376\377\000S\000H\000\040\000b\000b\000\040\000A\000n\000o\000m\000a\000l\000y\000\040\000D\000e\000t\000e\000c\000t\000i\000o\000n\000\040}{chapter.7}% 80
\BOOKMARK [2][-]{subsection.7.1.1}{\376\377\000E\000v\000e\000n\000t\000\040\000S\000e\000l\000e\000c\000t\000i\000o\000n}{section.7.1}% 81
\BOOKMARK [1][-]{section.7.2}{\376\377\000E\000v\000e\000n\000t\000\040\000R\000e\000p\000r\000e\000s\000e\000n\000t\000a\000t\000i\000o\000n}{chapter.7}% 82
\BOOKMARK [2][-]{subsection.7.2.1}{\376\377\000A\000u\000t\000o\000e\000n\000c\000o\000d\000e\000r\000\040\000T\000r\000a\000i\000n\000i\000n\000g}{section.7.2}% 83
\BOOKMARK [1][-]{section.7.3}{\376\377\000P\000r\000e\000l\000i\000m\000i\000n\000a\000r\000y\000\040\000L\000o\000s\000s\000\040\000D\000i\000s\000t\000r\000i\000b\000u\000t\000i\000o\000n\000\040\000S\000t\000u\000d\000i\000e\000s}{chapter.7}% 84
\BOOKMARK [2][-]{subsection.7.3.1}{\376\377\000P\000r\000e\000l\000i\000m\000i\000n\000a\000r\000y\000\040\000A\000n\000o\000m\000a\000l\000y\000\040\000R\000e\000g\000i\000o\000n\000\040\000D\000e\000f\000i\000n\000i\000t\000i\000o\000n}{section.7.3}% 85
\BOOKMARK [1][-]{section.7.4}{\376\377\000C\000o\000n\000c\000l\000u\000s\000i\000o\000n}{chapter.7}% 86
\BOOKMARK [0][-]{chapter.8}{\376\377\000C\000O\000N\000C\000L\000U\000S\000I\000O\000N}{}% 87
\BOOKMARK [0][-]{chapter*.202}{\376\377\000R\000E\000F\000E\000R\000E\000N\000C\000E\000S}{}% 88
\BOOKMARK [0][-]{appendix*.203}{\376\377\000A\000P\000P\000E\000N\000D\000I\000C\000E\000S}{}% 89
\BOOKMARK [1][-]{section.Alph0.1}{\376\377\000G\000N\0001\000\040\000f\000o\000r\000\040\000U\000p\000g\000r\000a\000d\000e}{appendix*.203}% 90
\BOOKMARK [1][-]{section.Alph0.2}{\376\377\000R\000u\000n\0002\000\040\000D\000a\000t\000a\000s\000e\000t\000s\000\040\000a\000n\000d\000\040\000H\000L\000T\000\040\000L\000e\000p\000t\000o\000n\000\040\000T\000r\000i\000g\000g\000e\000r\000s\000\040\000f\000o\000r\000\040\000A\000n\000o\000m\000a\000l\000y\000\040\000D\000e\000t\000e\000c\000t\000i\000o\000n}{appendix*.203}% 91
\BOOKMARK [1][-]{section.Alph0.3}{\376\377\000M\000o\000n\000t\000e\000\040\000C\000a\000r\000l\000o\000\040\000S\000a\000m\000p\000l\000e\000s\000\040\000f\000o\000r\000\040\000t\000h\000e\000\040\000B\000a\000c\000k\000g\000r\000o\000u\000n\000d\000\040\000H\000y\000p\000o\000t\000h\000e\000s\000i\000s}{appendix*.203}% 92
\BOOKMARK [1][-]{section.Alph0.4}{\376\377\000R\000M\000M\000\040\000E\000v\000e\000n\000t\000\040\000E\000x\000a\000m\000p\000l\000e\000s}{appendix*.203}% 93
\BOOKMARK [1][-]{section.Alph0.5}{\376\377\000A\000u\000t\000o\000e\000n\000c\000o\000d\000e\000r\000\040\000T\000o\000p\000o\000l\000o\000g\000y\000\040\000S\000t\000u\000d\000i\000e\000s}{appendix*.203}% 94
\BOOKMARK [1][-]{section.Alph0.6}{\376\377\000A\000l\000t\000e\000r\000n\000a\000t\000i\000v\000e\000\040\000A\000E\000\040\000M\000o\000d\000e\000l\000s\000\040\000f\000o\000r\000\040\000S\000y\000s\000t\000e\000m\000a\000t\000i\000c\000s}{appendix*.203}% 95
\BOOKMARK [1][-]{section.Alph0.7}{\376\377\000S\000/\000B\000\040\000I\000m\000p\000r\000o\000v\000e\000m\000e\000n\000t\000\040\000E\000x\000a\000m\000p\000l\000e}{appendix*.203}% 96
\BOOKMARK [1][-]{section.Alph0.8}{\376\377\000S\000t\000a\000t\000i\000s\000t\000i\000c\000a\000l\000\040\000F\000i\000t\000\040\000F\000u\000n\000c\000t\000i\000o\000n\000\040\000S\000t\000u\000d\000i\000e\000s\000\040\000f\000o\000r\000\040\0001\000p\000b\000\040\000A\000R}{appendix*.203}% 97
\BOOKMARK [1][-]{section.Alph0.9}{\376\377\000S\000t\000a\000t\000i\000s\000t\000i\000c\000a\000l\000\040\000F\000i\000t\000\040\000F\000u\000n\000c\000t\000i\000o\000n\000\040\000S\000t\000u\000d\000i\000e\000s\000\040\000f\000o\000r\000\040\0000\000.\0001\000p\000b\000\040\000A\000R}{appendix*.203}% 98
\BOOKMARK [1][-]{section.Alph0.10}{\376\377\000F\000i\000t\000\040\000S\000t\000u\000d\000i\000e\000s\000\040\000o\000n\000\040\0001\0000\000\045\000\040\000o\000f\000\040\000D\000a\000t\000a}{appendix*.203}% 99
